<?xml version="1.0" encoding="UTF-8"?>
<!-- Generated by org.testng.reporters.JUnitReportReporter -->
<testsuite hostname="Tejaswini" failures="0" tests="1" name="com.example.AppTest" time="22.698" errors="0" timestamp="2024-04-28T22:32:08 IST" skipped="0">
  <testcase classname="com.example.AppTest" name="TestExecute" time="22.698"/>
</testsuite> <!-- com.example.AppTest -->
