<?xml version="1.0" encoding="UTF-8"?>
<testsuite xmlns:xsi="http://www.w3.org/2001/XMLSchema-instance" xsi:noNamespaceSchemaLocation="https://maven.apache.org/surefire/maven-surefire-plugin/xsd/surefire-test-report.xsd" name="com.example.AppTest" time="53.767" tests="3" errors="0" skipped="0" failures="2">
  <properties>
    <property name="java.specification.version" value="21"/>
    <property name="sun.cpu.isalist" value="amd64"/>
    <property name="sun.jnu.encoding" value="Cp1252"/>
    <property name="java.class.path" value="C:\Users\Tejaswini\OneDrive\Documents\testng2\target\test-classes;C:\Users\Tejaswini\OneDrive\Documents\testng2\target\classes;C:\Users\Tejaswini\.m2\repository\org\testng\testng\7.10.1\testng-7.10.1.jar;C:\Users\Tejaswini\.m2\repository\org\slf4j\slf4j-api\1.7.36\slf4j-api-1.7.36.jar;C:\Users\Tejaswini\.m2\repository\com\beust\jcommander\1.82\jcommander-1.82.jar;C:\Users\Tejaswini\.m2\repository\org\webjars\jquery\3.7.1\jquery-3.7.1.jar;C:\Users\Tejaswini\.m2\repository\io\github\bonigarcia\webdrivermanager\5.8.0\webdrivermanager-5.8.0.jar;C:\Users\Tejaswini\.m2\repository\com\google\code\gson\gson\2.10.1\gson-2.10.1.jar;C:\Users\Tejaswini\.m2\repository\com\github\docker-java\docker-java\3.3.6\docker-java-3.3.6.jar;C:\Users\Tejaswini\.m2\repository\com\github\docker-java\docker-java-core\3.3.6\docker-java-core-3.3.6.jar;C:\Users\Tejaswini\.m2\repository\com\github\docker-java\docker-java-api\3.3.6\docker-java-api-3.3.6.jar;C:\Users\Tejaswini\.m2\repository\com\fasterxml\jackson\core\jackson-annotations\2.10.3\jackson-annotations-2.10.3.jar;C:\Users\Tejaswini\.m2\repository\com\fasterxml\jackson\core\jackson-databind\2.10.3\jackson-databind-2.10.3.jar;C:\Users\Tejaswini\.m2\repository\com\fasterxml\jackson\core\jackson-core\2.10.3\jackson-core-2.10.3.jar;C:\Users\Tejaswini\.m2\repository\org\bouncycastle\bcpkix-jdk18on\1.76\bcpkix-jdk18on-1.76.jar;C:\Users\Tejaswini\.m2\repository\org\bouncycastle\bcprov-jdk18on\1.76\bcprov-jdk18on-1.76.jar;C:\Users\Tejaswini\.m2\repository\org\bouncycastle\bcutil-jdk18on\1.76\bcutil-jdk18on-1.76.jar;C:\Users\Tejaswini\.m2\repository\org\slf4j\jcl-over-slf4j\1.7.30\jcl-over-slf4j-1.7.30.jar;C:\Users\Tejaswini\.m2\repository\com\github\docker-java\docker-java-transport-httpclient5\3.3.6\docker-java-transport-httpclient5-3.3.6.jar;C:\Users\Tejaswini\.m2\repository\com\github\docker-java\docker-java-transport\3.3.6\docker-java-transport-3.3.6.jar;C:\Users\Tejaswini\.m2\repository\net\java\dev\jna\jna\5.13.0\jna-5.13.0.jar;C:\Users\Tejaswini\.m2\repository\org\brotli\dec\0.1.2\dec-0.1.2.jar;C:\Users\Tejaswini\.m2\repository\org\apache\commons\commons-lang3\3.14.0\commons-lang3-3.14.0.jar;C:\Users\Tejaswini\.m2\repository\org\apache\commons\commons-compress\1.26.1\commons-compress-1.26.1.jar;C:\Users\Tejaswini\.m2\repository\commons-codec\commons-codec\1.16.1\commons-codec-1.16.1.jar;C:\Users\Tejaswini\.m2\repository\commons-io\commons-io\2.15.1\commons-io-2.15.1.jar;C:\Users\Tejaswini\.m2\repository\org\apache\httpcomponents\client5\httpclient5\5.2.1\httpclient5-5.2.1.jar;C:\Users\Tejaswini\.m2\repository\org\apache\httpcomponents\core5\httpcore5\5.2\httpcore5-5.2.jar;C:\Users\Tejaswini\.m2\repository\org\apache\httpcomponents\core5\httpcore5-h2\5.2\httpcore5-h2-5.2.jar;C:\Users\Tejaswini\.m2\repository\org\seleniumhq\selenium\selenium-java\4.19.1\selenium-java-4.19.1.jar;C:\Users\Tejaswini\.m2\repository\org\seleniumhq\selenium\selenium-api\4.19.1\selenium-api-4.19.1.jar;C:\Users\Tejaswini\.m2\repository\org\seleniumhq\selenium\selenium-chrome-driver\4.19.1\selenium-chrome-driver-4.19.1.jar;C:\Users\Tejaswini\.m2\repository\com\google\auto\service\auto-service-annotations\1.1.1\auto-service-annotations-1.1.1.jar;C:\Users\Tejaswini\.m2\repository\org\seleniumhq\selenium\selenium-chromium-driver\4.19.1\selenium-chromium-driver-4.19.1.jar;C:\Users\Tejaswini\.m2\repository\org\seleniumhq\selenium\selenium-json\4.19.1\selenium-json-4.19.1.jar;C:\Users\Tejaswini\.m2\repository\org\seleniumhq\selenium\selenium-manager\4.19.1\selenium-manager-4.19.1.jar;C:\Users\Tejaswini\.m2\repository\org\seleniumhq\selenium\selenium-devtools-v121\4.19.1\selenium-devtools-v121-4.19.1.jar;C:\Users\Tejaswini\.m2\repository\org\seleniumhq\selenium\selenium-devtools-v122\4.19.1\selenium-devtools-v122-4.19.1.jar;C:\Users\Tejaswini\.m2\repository\org\seleniumhq\selenium\selenium-devtools-v123\4.19.1\selenium-devtools-v123-4.19.1.jar;C:\Users\Tejaswini\.m2\repository\org\seleniumhq\selenium\selenium-devtools-v85\4.19.1\selenium-devtools-v85-4.19.1.jar;C:\Users\Tejaswini\.m2\repository\org\seleniumhq\selenium\selenium-edge-driver\4.19.1\selenium-edge-driver-4.19.1.jar;C:\Users\Tejaswini\.m2\repository\org\seleniumhq\selenium\selenium-firefox-driver\4.19.1\selenium-firefox-driver-4.19.1.jar;C:\Users\Tejaswini\.m2\repository\org\seleniumhq\selenium\selenium-http\4.19.1\selenium-http-4.19.1.jar;C:\Users\Tejaswini\.m2\repository\dev\failsafe\failsafe\3.3.2\failsafe-3.3.2.jar;C:\Users\Tejaswini\.m2\repository\org\seleniumhq\selenium\selenium-ie-driver\4.19.1\selenium-ie-driver-4.19.1.jar;C:\Users\Tejaswini\.m2\repository\org\seleniumhq\selenium\selenium-remote-driver\4.19.1\selenium-remote-driver-4.19.1.jar;C:\Users\Tejaswini\.m2\repository\com\google\guava\guava\33.1.0-jre\guava-33.1.0-jre.jar;C:\Users\Tejaswini\.m2\repository\com\google\guava\failureaccess\1.0.2\failureaccess-1.0.2.jar;C:\Users\Tejaswini\.m2\repository\com\google\guava\listenablefuture\9999.0-empty-to-avoid-conflict-with-guava\listenablefuture-9999.0-empty-to-avoid-conflict-with-guava.jar;C:\Users\Tejaswini\.m2\repository\com\google\code\findbugs\jsr305\3.0.2\jsr305-3.0.2.jar;C:\Users\Tejaswini\.m2\repository\org\checkerframework\checker-qual\3.42.0\checker-qual-3.42.0.jar;C:\Users\Tejaswini\.m2\repository\com\google\errorprone\error_prone_annotations\2.26.1\error_prone_annotations-2.26.1.jar;C:\Users\Tejaswini\.m2\repository\com\google\j2objc\j2objc-annotations\3.0.0\j2objc-annotations-3.0.0.jar;C:\Users\Tejaswini\.m2\repository\io\opentelemetry\semconv\opentelemetry-semconv\1.23.1-alpha\opentelemetry-semconv-1.23.1-alpha.jar;C:\Users\Tejaswini\.m2\repository\io\opentelemetry\opentelemetry-api\1.36.0\opentelemetry-api-1.36.0.jar;C:\Users\Tejaswini\.m2\repository\io\opentelemetry\opentelemetry-context\1.36.0\opentelemetry-context-1.36.0.jar;C:\Users\Tejaswini\.m2\repository\io\opentelemetry\opentelemetry-exporter-logging\1.36.0\opentelemetry-exporter-logging-1.36.0.jar;C:\Users\Tejaswini\.m2\repository\io\opentelemetry\opentelemetry-sdk-common\1.36.0\opentelemetry-sdk-common-1.36.0.jar;C:\Users\Tejaswini\.m2\repository\io\opentelemetry\opentelemetry-sdk-extension-autoconfigure-spi\1.36.0\opentelemetry-sdk-extension-autoconfigure-spi-1.36.0.jar;C:\Users\Tejaswini\.m2\repository\io\opentelemetry\opentelemetry-sdk-extension-autoconfigure\1.36.0\opentelemetry-sdk-extension-autoconfigure-1.36.0.jar;C:\Users\Tejaswini\.m2\repository\io\opentelemetry\opentelemetry-api-events\1.36.0-alpha\opentelemetry-api-events-1.36.0-alpha.jar;C:\Users\Tejaswini\.m2\repository\io\opentelemetry\opentelemetry-sdk-trace\1.36.0\opentelemetry-sdk-trace-1.36.0.jar;C:\Users\Tejaswini\.m2\repository\io\opentelemetry\opentelemetry-extension-incubator\1.36.0-alpha\opentelemetry-extension-incubator-1.36.0-alpha.jar;C:\Users\Tejaswini\.m2\repository\io\opentelemetry\opentelemetry-sdk\1.36.0\opentelemetry-sdk-1.36.0.jar;C:\Users\Tejaswini\.m2\repository\io\opentelemetry\opentelemetry-sdk-metrics\1.36.0\opentelemetry-sdk-metrics-1.36.0.jar;C:\Users\Tejaswini\.m2\repository\io\opentelemetry\opentelemetry-sdk-logs\1.36.0\opentelemetry-sdk-logs-1.36.0.jar;C:\Users\Tejaswini\.m2\repository\net\bytebuddy\byte-buddy\1.14.12\byte-buddy-1.14.12.jar;C:\Users\Tejaswini\.m2\repository\org\seleniumhq\selenium\selenium-os\4.19.1\selenium-os-4.19.1.jar;C:\Users\Tejaswini\.m2\repository\org\apache\commons\commons-exec\1.3\commons-exec-1.3.jar;C:\Users\Tejaswini\.m2\repository\org\seleniumhq\selenium\selenium-safari-driver\4.19.1\selenium-safari-driver-4.19.1.jar;C:\Users\Tejaswini\.m2\repository\org\seleniumhq\selenium\selenium-support\4.19.1\selenium-support-4.19.1.jar;C:\Users\Tejaswini\.m2\repository\junit\junit\4.11\junit-4.11.jar;C:\Users\Tejaswini\.m2\repository\org\hamcrest\hamcrest-core\1.3\hamcrest-core-1.3.jar;"/>
    <property name="java.vm.vendor" value="Oracle Corporation"/>
    <property name="sun.arch.data.model" value="64"/>
    <property name="user.variant" value=""/>
    <property name="java.vendor.url" value="https://java.oracle.com/"/>
    <property name="user.timezone" value="Asia/Calcutta"/>
    <property name="os.name" value="Windows 11"/>
    <property name="java.vm.specification.version" value="21"/>
    <property name="sun.java.launcher" value="SUN_STANDARD"/>
    <property name="user.country" value="IN"/>
    <property name="sun.boot.library.path" value="C:\Program Files\Java\jdk-21\bin"/>
    <property name="sun.java.command" value="C:\Users\TEJASW~1\AppData\Local\Temp\surefire5323043730830681758\surefirebooter4687194402945357800.jar C:\Users\Tejaswini\AppData\Local\Temp\surefire5323043730830681758 2024-04-28T21-54-50_810-jvmRun1 surefire2844786672579136181tmp surefire_08602363512427717544tmp"/>
    <property name="jdk.debug" value="release"/>
    <property name="surefire.test.class.path" value="C:\Users\Tejaswini\OneDrive\Documents\testng2\target\test-classes;C:\Users\Tejaswini\OneDrive\Documents\testng2\target\classes;C:\Users\Tejaswini\.m2\repository\org\testng\testng\7.10.1\testng-7.10.1.jar;C:\Users\Tejaswini\.m2\repository\org\slf4j\slf4j-api\1.7.36\slf4j-api-1.7.36.jar;C:\Users\Tejaswini\.m2\repository\com\beust\jcommander\1.82\jcommander-1.82.jar;C:\Users\Tejaswini\.m2\repository\org\webjars\jquery\3.7.1\jquery-3.7.1.jar;C:\Users\Tejaswini\.m2\repository\io\github\bonigarcia\webdrivermanager\5.8.0\webdrivermanager-5.8.0.jar;C:\Users\Tejaswini\.m2\repository\com\google\code\gson\gson\2.10.1\gson-2.10.1.jar;C:\Users\Tejaswini\.m2\repository\com\github\docker-java\docker-java\3.3.6\docker-java-3.3.6.jar;C:\Users\Tejaswini\.m2\repository\com\github\docker-java\docker-java-core\3.3.6\docker-java-core-3.3.6.jar;C:\Users\Tejaswini\.m2\repository\com\github\docker-java\docker-java-api\3.3.6\docker-java-api-3.3.6.jar;C:\Users\Tejaswini\.m2\repository\com\fasterxml\jackson\core\jackson-annotations\2.10.3\jackson-annotations-2.10.3.jar;C:\Users\Tejaswini\.m2\repository\com\fasterxml\jackson\core\jackson-databind\2.10.3\jackson-databind-2.10.3.jar;C:\Users\Tejaswini\.m2\repository\com\fasterxml\jackson\core\jackson-core\2.10.3\jackson-core-2.10.3.jar;C:\Users\Tejaswini\.m2\repository\org\bouncycastle\bcpkix-jdk18on\1.76\bcpkix-jdk18on-1.76.jar;C:\Users\Tejaswini\.m2\repository\org\bouncycastle\bcprov-jdk18on\1.76\bcprov-jdk18on-1.76.jar;C:\Users\Tejaswini\.m2\repository\org\bouncycastle\bcutil-jdk18on\1.76\bcutil-jdk18on-1.76.jar;C:\Users\Tejaswini\.m2\repository\org\slf4j\jcl-over-slf4j\1.7.30\jcl-over-slf4j-1.7.30.jar;C:\Users\Tejaswini\.m2\repository\com\github\docker-java\docker-java-transport-httpclient5\3.3.6\docker-java-transport-httpclient5-3.3.6.jar;C:\Users\Tejaswini\.m2\repository\com\github\docker-java\docker-java-transport\3.3.6\docker-java-transport-3.3.6.jar;C:\Users\Tejaswini\.m2\repository\net\java\dev\jna\jna\5.13.0\jna-5.13.0.jar;C:\Users\Tejaswini\.m2\repository\org\brotli\dec\0.1.2\dec-0.1.2.jar;C:\Users\Tejaswini\.m2\repository\org\apache\commons\commons-lang3\3.14.0\commons-lang3-3.14.0.jar;C:\Users\Tejaswini\.m2\repository\org\apache\commons\commons-compress\1.26.1\commons-compress-1.26.1.jar;C:\Users\Tejaswini\.m2\repository\commons-codec\commons-codec\1.16.1\commons-codec-1.16.1.jar;C:\Users\Tejaswini\.m2\repository\commons-io\commons-io\2.15.1\commons-io-2.15.1.jar;C:\Users\Tejaswini\.m2\repository\org\apache\httpcomponents\client5\httpclient5\5.2.1\httpclient5-5.2.1.jar;C:\Users\Tejaswini\.m2\repository\org\apache\httpcomponents\core5\httpcore5\5.2\httpcore5-5.2.jar;C:\Users\Tejaswini\.m2\repository\org\apache\httpcomponents\core5\httpcore5-h2\5.2\httpcore5-h2-5.2.jar;C:\Users\Tejaswini\.m2\repository\org\seleniumhq\selenium\selenium-java\4.19.1\selenium-java-4.19.1.jar;C:\Users\Tejaswini\.m2\repository\org\seleniumhq\selenium\selenium-api\4.19.1\selenium-api-4.19.1.jar;C:\Users\Tejaswini\.m2\repository\org\seleniumhq\selenium\selenium-chrome-driver\4.19.1\selenium-chrome-driver-4.19.1.jar;C:\Users\Tejaswini\.m2\repository\com\google\auto\service\auto-service-annotations\1.1.1\auto-service-annotations-1.1.1.jar;C:\Users\Tejaswini\.m2\repository\org\seleniumhq\selenium\selenium-chromium-driver\4.19.1\selenium-chromium-driver-4.19.1.jar;C:\Users\Tejaswini\.m2\repository\org\seleniumhq\selenium\selenium-json\4.19.1\selenium-json-4.19.1.jar;C:\Users\Tejaswini\.m2\repository\org\seleniumhq\selenium\selenium-manager\4.19.1\selenium-manager-4.19.1.jar;C:\Users\Tejaswini\.m2\repository\org\seleniumhq\selenium\selenium-devtools-v121\4.19.1\selenium-devtools-v121-4.19.1.jar;C:\Users\Tejaswini\.m2\repository\org\seleniumhq\selenium\selenium-devtools-v122\4.19.1\selenium-devtools-v122-4.19.1.jar;C:\Users\Tejaswini\.m2\repository\org\seleniumhq\selenium\selenium-devtools-v123\4.19.1\selenium-devtools-v123-4.19.1.jar;C:\Users\Tejaswini\.m2\repository\org\seleniumhq\selenium\selenium-devtools-v85\4.19.1\selenium-devtools-v85-4.19.1.jar;C:\Users\Tejaswini\.m2\repository\org\seleniumhq\selenium\selenium-edge-driver\4.19.1\selenium-edge-driver-4.19.1.jar;C:\Users\Tejaswini\.m2\repository\org\seleniumhq\selenium\selenium-firefox-driver\4.19.1\selenium-firefox-driver-4.19.1.jar;C:\Users\Tejaswini\.m2\repository\org\seleniumhq\selenium\selenium-http\4.19.1\selenium-http-4.19.1.jar;C:\Users\Tejaswini\.m2\repository\dev\failsafe\failsafe\3.3.2\failsafe-3.3.2.jar;C:\Users\Tejaswini\.m2\repository\org\seleniumhq\selenium\selenium-ie-driver\4.19.1\selenium-ie-driver-4.19.1.jar;C:\Users\Tejaswini\.m2\repository\org\seleniumhq\selenium\selenium-remote-driver\4.19.1\selenium-remote-driver-4.19.1.jar;C:\Users\Tejaswini\.m2\repository\com\google\guava\guava\33.1.0-jre\guava-33.1.0-jre.jar;C:\Users\Tejaswini\.m2\repository\com\google\guava\failureaccess\1.0.2\failureaccess-1.0.2.jar;C:\Users\Tejaswini\.m2\repository\com\google\guava\listenablefuture\9999.0-empty-to-avoid-conflict-with-guava\listenablefuture-9999.0-empty-to-avoid-conflict-with-guava.jar;C:\Users\Tejaswini\.m2\repository\com\google\code\findbugs\jsr305\3.0.2\jsr305-3.0.2.jar;C:\Users\Tejaswini\.m2\repository\org\checkerframework\checker-qual\3.42.0\checker-qual-3.42.0.jar;C:\Users\Tejaswini\.m2\repository\com\google\errorprone\error_prone_annotations\2.26.1\error_prone_annotations-2.26.1.jar;C:\Users\Tejaswini\.m2\repository\com\google\j2objc\j2objc-annotations\3.0.0\j2objc-annotations-3.0.0.jar;C:\Users\Tejaswini\.m2\repository\io\opentelemetry\semconv\opentelemetry-semconv\1.23.1-alpha\opentelemetry-semconv-1.23.1-alpha.jar;C:\Users\Tejaswini\.m2\repository\io\opentelemetry\opentelemetry-api\1.36.0\opentelemetry-api-1.36.0.jar;C:\Users\Tejaswini\.m2\repository\io\opentelemetry\opentelemetry-context\1.36.0\opentelemetry-context-1.36.0.jar;C:\Users\Tejaswini\.m2\repository\io\opentelemetry\opentelemetry-exporter-logging\1.36.0\opentelemetry-exporter-logging-1.36.0.jar;C:\Users\Tejaswini\.m2\repository\io\opentelemetry\opentelemetry-sdk-common\1.36.0\opentelemetry-sdk-common-1.36.0.jar;C:\Users\Tejaswini\.m2\repository\io\opentelemetry\opentelemetry-sdk-extension-autoconfigure-spi\1.36.0\opentelemetry-sdk-extension-autoconfigure-spi-1.36.0.jar;C:\Users\Tejaswini\.m2\repository\io\opentelemetry\opentelemetry-sdk-extension-autoconfigure\1.36.0\opentelemetry-sdk-extension-autoconfigure-1.36.0.jar;C:\Users\Tejaswini\.m2\repository\io\opentelemetry\opentelemetry-api-events\1.36.0-alpha\opentelemetry-api-events-1.36.0-alpha.jar;C:\Users\Tejaswini\.m2\repository\io\opentelemetry\opentelemetry-sdk-trace\1.36.0\opentelemetry-sdk-trace-1.36.0.jar;C:\Users\Tejaswini\.m2\repository\io\opentelemetry\opentelemetry-extension-incubator\1.36.0-alpha\opentelemetry-extension-incubator-1.36.0-alpha.jar;C:\Users\Tejaswini\.m2\repository\io\opentelemetry\opentelemetry-sdk\1.36.0\opentelemetry-sdk-1.36.0.jar;C:\Users\Tejaswini\.m2\repository\io\opentelemetry\opentelemetry-sdk-metrics\1.36.0\opentelemetry-sdk-metrics-1.36.0.jar;C:\Users\Tejaswini\.m2\repository\io\opentelemetry\opentelemetry-sdk-logs\1.36.0\opentelemetry-sdk-logs-1.36.0.jar;C:\Users\Tejaswini\.m2\repository\net\bytebuddy\byte-buddy\1.14.12\byte-buddy-1.14.12.jar;C:\Users\Tejaswini\.m2\repository\org\seleniumhq\selenium\selenium-os\4.19.1\selenium-os-4.19.1.jar;C:\Users\Tejaswini\.m2\repository\org\apache\commons\commons-exec\1.3\commons-exec-1.3.jar;C:\Users\Tejaswini\.m2\repository\org\seleniumhq\selenium\selenium-safari-driver\4.19.1\selenium-safari-driver-4.19.1.jar;C:\Users\Tejaswini\.m2\repository\org\seleniumhq\selenium\selenium-support\4.19.1\selenium-support-4.19.1.jar;C:\Users\Tejaswini\.m2\repository\junit\junit\4.11\junit-4.11.jar;C:\Users\Tejaswini\.m2\repository\org\hamcrest\hamcrest-core\1.3\hamcrest-core-1.3.jar;"/>
    <property name="sun.cpu.endian" value="little"/>
    <property name="user.home" value="C:\Users\Tejaswini"/>
    <property name="user.language" value="en"/>
    <property name="java.specification.vendor" value="Oracle Corporation"/>
    <property name="java.version.date" value="2024-01-16"/>
    <property name="java.home" value="C:\Program Files\Java\jdk-21"/>
    <property name="file.separator" value="\"/>
    <property name="basedir" value="C:\Users\Tejaswini\OneDrive\Documents\testng2"/>
    <property name="java.vm.compressedOopsMode" value="Zero based"/>
    <property name="line.separator" value="&#10;"/>
    <property name="java.vm.specification.vendor" value="Oracle Corporation"/>
    <property name="java.specification.name" value="Java Platform API Specification"/>
    <property name="surefire.real.class.path" value="C:\Users\TEJASW~1\AppData\Local\Temp\surefire5323043730830681758\surefirebooter4687194402945357800.jar"/>
    <property name="user.script" value=""/>
    <property name="sun.management.compiler" value="HotSpot 64-Bit Tiered Compilers"/>
    <property name="java.runtime.version" value="21.0.2+13-LTS-58"/>
    <property name="user.name" value="Tejaswini"/>
    <property name="stdout.encoding" value="Cp1252"/>
    <property name="path.separator" value=";"/>
    <property name="os.version" value="10.0"/>
    <property name="java.runtime.name" value="Java(TM) SE Runtime Environment"/>
    <property name="file.encoding" value="UTF-8"/>
    <property name="java.vm.name" value="Java HotSpot(TM) 64-Bit Server VM"/>
    <property name="localRepository" value="C:\Users\Tejaswini\.m2\repository"/>
    <property name="java.vendor.url.bug" value="https://bugreport.java.com/bugreport/"/>
    <property name="java.io.tmpdir" value="C:\Users\TEJASW~1\AppData\Local\Temp\"/>
    <property name="java.version" value="21.0.2"/>
    <property name="user.dir" value="C:\Users\Tejaswini\OneDrive\Documents\testng2"/>
    <property name="os.arch" value="amd64"/>
    <property name="java.vm.specification.name" value="Java Virtual Machine Specification"/>
    <property name="sun.os.patch.level" value=""/>
    <property name="native.encoding" value="Cp1252"/>
    <property name="java.library.path" value="C:\Program Files\Java\jdk-21\bin;C:\WINDOWS\Sun\Java\bin;C:\WINDOWS\system32;C:\WINDOWS;C:\Program Files\Common Files\Oracle\Java\javapath;C:\Program Files\Eclipse Adoptium\jdk-21.0.2.13-hotspot\bin;C:\ProgramData\Oracle\Java\javapath;C:\WINDOWS\system32;C:\WINDOWS;C:\WINDOWS\System32\Wbem;C:\WINDOWS\System32\WindowsPowerShell\v1.0\;C:\WINDOWS\System32\OpenSSH\;C:\Program Files\dotnet\;C:\MinGW\bin;C:\Program Files\nodejs\;C:\Program Files\Git\cmd;C:\Program Files\Java\jdk-21\bin;%MAVEN_HOME%\bin;C:\Program Files\apache\apache-maven-3.9.6\bin;C:\Program Files\Amazon\AWSCLIV2\;C:\Users\Tejaswini\AppData\Local\Microsoft\WindowsApps;C:\Users\Tejaswini\AppData\Local\Programs\Microsoft VS Code\bin;C:\Users\Tejaswini\AppData\Roaming\npm;C:\Users\Tejaswini\OneDrive\Desktop;;."/>
    <property name="java.vm.info" value="mixed mode, sharing"/>
    <property name="stderr.encoding" value="Cp1252"/>
    <property name="java.vendor" value="Oracle Corporation"/>
    <property name="java.vm.version" value="21.0.2+13-LTS-58"/>
    <property name="sun.io.unicode.encoding" value="UnicodeLittle"/>
    <property name="java.class.version" value="65.0"/>
  </properties>
  <testcase name="test1" classname="com.example.AppTest" time="46.535"/>
  <testcase name="test2" classname="com.example.AppTest" time="3.83">
    <failure message="element not interactable&#10;  (Session info: chrome=124.0.6367.91)&#10;Build info: version: &apos;4.19.1&apos;, revision: &apos;abe0ee07dc&apos;&#10;System info: os.name: &apos;Windows 11&apos;, os.arch: &apos;amd64&apos;, os.version: &apos;10.0&apos;, java.version: &apos;21.0.2&apos;&#10;Driver info: org.openqa.selenium.chrome.ChromeDriver&#10;Command: [1822adfac794fd0286cd4273b030c636, clickElement {id=f.17430C3F9CFB664DFD3F192FBC1767DA.d.168880EA5B3955AB32C1F9D71150DCC0.e.595}]&#10;Capabilities {acceptInsecureCerts: false, browserName: chrome, browserVersion: 124.0.6367.91, chrome: {chromedriverVersion: 124.0.6367.91 (51df0e5e17a8..., userDataDir: C:\Users\TEJASW~1\AppData\L...}, fedcm:accounts: true, goog:chromeOptions: {debuggerAddress: localhost:51880}, networkConnectionEnabled: false, pageLoadStrategy: normal, platformName: windows, proxy: Proxy(), se:cdp: ws://localhost:51880/devtoo..., se:cdpVersion: 124.0.6367.91, setWindowRect: true, strictFileInteractability: false, timeouts: {implicit: 0, pageLoad: 300000, script: 30000}, unhandledPromptBehavior: dismiss and notify, webauthn:extension:credBlob: true, webauthn:extension:largeBlob: true, webauthn:extension:minPinLength: true, webauthn:extension:prf: true, webauthn:virtualAuthenticators: true}&#10;Element: [[ChromeDriver: chrome on windows (1822adfac794fd0286cd4273b030c636)] -&gt; xpath: //*[@id=&apos;common_header&apos;]/div[1]/div[3]/nav/div/ul/li[10]/div/div/ul/li[2]/ul/li[5]/a]&#10;Session ID: 1822adfac794fd0286cd4273b030c636" type="org.openqa.selenium.ElementNotInteractableException">org.openqa.selenium.ElementNotInteractableException: 
element not interactable
  (Session info: chrome=124.0.6367.91)
Build info: version: '4.19.1', revision: 'abe0ee07dc'
System info: os.name: 'Windows 11', os.arch: 'amd64', os.version: '10.0', java.version: '21.0.2'
Driver info: org.openqa.selenium.chrome.ChromeDriver
Command: [1822adfac794fd0286cd4273b030c636, clickElement {id=f.17430C3F9CFB664DFD3F192FBC1767DA.d.168880EA5B3955AB32C1F9D71150DCC0.e.595}]
Capabilities {acceptInsecureCerts: false, browserName: chrome, browserVersion: 124.0.6367.91, chrome: {chromedriverVersion: 124.0.6367.91 (51df0e5e17a8..., userDataDir: C:\Users\TEJASW~1\AppData\L...}, fedcm:accounts: true, goog:chromeOptions: {debuggerAddress: localhost:51880}, networkConnectionEnabled: false, pageLoadStrategy: normal, platformName: windows, proxy: Proxy(), se:cdp: ws://localhost:51880/devtoo..., se:cdpVersion: 124.0.6367.91, setWindowRect: true, strictFileInteractability: false, timeouts: {implicit: 0, pageLoad: 300000, script: 30000}, unhandledPromptBehavior: dismiss and notify, webauthn:extension:credBlob: true, webauthn:extension:largeBlob: true, webauthn:extension:minPinLength: true, webauthn:extension:prf: true, webauthn:virtualAuthenticators: true}
Element: [[ChromeDriver: chrome on windows (1822adfac794fd0286cd4273b030c636)] -> xpath: //*[@id='common_header']/div[1]/div[3]/nav/div/ul/li[10]/div/div/ul/li[2]/ul/li[5]/a]
Session ID: 1822adfac794fd0286cd4273b030c636
	at com.example.AppTest.test2(AppTest.java:46)
</failure>
  </testcase>
  <testcase name="test3" classname="com.example.AppTest" time="0.023">
    <failure message="no such element: Unable to locate element: {&quot;method&quot;:&quot;xpath&quot;,&quot;selector&quot;:&quot;//*[@id=&apos;mc_mainWrapper&apos;]/div[2]/div/div[3]/div[2]/div[5]/table/tbody/tr[1]/td[2]&quot;}&#10;  (Session info: chrome=124.0.6367.91)&#10;For documentation on this error, please visit: https://www.selenium.dev/documentation/webdriver/troubleshooting/errors#no-such-element-exception&#10;Build info: version: &apos;4.19.1&apos;, revision: &apos;abe0ee07dc&apos;&#10;System info: os.name: &apos;Windows 11&apos;, os.arch: &apos;amd64&apos;, os.version: &apos;10.0&apos;, java.version: &apos;21.0.2&apos;&#10;Driver info: org.openqa.selenium.chrome.ChromeDriver&#10;Command: [1822adfac794fd0286cd4273b030c636, findElement {using=xpath, value=//*[@id=&apos;mc_mainWrapper&apos;]/div[2]/div/div[3]/div[2]/div[5]/table/tbody/tr[1]/td[2]}]&#10;Capabilities {acceptInsecureCerts: false, browserName: chrome, browserVersion: 124.0.6367.91, chrome: {chromedriverVersion: 124.0.6367.91 (51df0e5e17a8..., userDataDir: C:\Users\TEJASW~1\AppData\L...}, fedcm:accounts: true, goog:chromeOptions: {debuggerAddress: localhost:51880}, networkConnectionEnabled: false, pageLoadStrategy: normal, platformName: windows, proxy: Proxy(), se:cdp: ws://localhost:51880/devtoo..., se:cdpVersion: 124.0.6367.91, setWindowRect: true, strictFileInteractability: false, timeouts: {implicit: 0, pageLoad: 300000, script: 30000}, unhandledPromptBehavior: dismiss and notify, webauthn:extension:credBlob: true, webauthn:extension:largeBlob: true, webauthn:extension:minPinLength: true, webauthn:extension:prf: true, webauthn:virtualAuthenticators: true}&#10;Session ID: 1822adfac794fd0286cd4273b030c636" type="org.openqa.selenium.NoSuchElementException">org.openqa.selenium.NoSuchElementException: 
no such element: Unable to locate element: {"method":"xpath","selector":"//*[@id='mc_mainWrapper']/div[2]/div/div[3]/div[2]/div[5]/table/tbody/tr[1]/td[2]"}
  (Session info: chrome=124.0.6367.91)
For documentation on this error, please visit: https://www.selenium.dev/documentation/webdriver/troubleshooting/errors#no-such-element-exception
Build info: version: '4.19.1', revision: 'abe0ee07dc'
System info: os.name: 'Windows 11', os.arch: 'amd64', os.version: '10.0', java.version: '21.0.2'
Driver info: org.openqa.selenium.chrome.ChromeDriver
Command: [1822adfac794fd0286cd4273b030c636, findElement {using=xpath, value=//*[@id='mc_mainWrapper']/div[2]/div/div[3]/div[2]/div[5]/table/tbody/tr[1]/td[2]}]
Capabilities {acceptInsecureCerts: false, browserName: chrome, browserVersion: 124.0.6367.91, chrome: {chromedriverVersion: 124.0.6367.91 (51df0e5e17a8..., userDataDir: C:\Users\TEJASW~1\AppData\L...}, fedcm:accounts: true, goog:chromeOptions: {debuggerAddress: localhost:51880}, networkConnectionEnabled: false, pageLoadStrategy: normal, platformName: windows, proxy: Proxy(), se:cdp: ws://localhost:51880/devtoo..., se:cdpVersion: 124.0.6367.91, setWindowRect: true, strictFileInteractability: false, timeouts: {implicit: 0, pageLoad: 300000, script: 30000}, unhandledPromptBehavior: dismiss and notify, webauthn:extension:credBlob: true, webauthn:extension:largeBlob: true, webauthn:extension:minPinLength: true, webauthn:extension:prf: true, webauthn:virtualAuthenticators: true}
Session ID: 1822adfac794fd0286cd4273b030c636
	at com.example.AppTest.test3(AppTest.java:64)
</failure>
  </testcase>
</testsuite>